<?xml version="1.0" encoding="UTF-8"?>
<!-- Generated by org.testng.reporters.JUnitXMLReporter -->
<testsuite hostname="MarkPC" name="Default test" tests="5" failures="0" timestamp="28 Sep 2015 09:37:06 GMT" time="0.047" errors="0">
  <testcase name="testNegativeInputNotNumber" time="0.016" classname="tests.ExecutorTest"/>
  <testcase name="testNegativeWrongNumberOfInputs" time="0.0" classname="tests.ExecutorTest"/>
  <testcase name="testPositiveEquilateral" time="0.0" classname="tests.ExecutorTest"/>
  <testcase name="testPositiveIsosceles" time="0.015" classname="tests.ExecutorTest"/>
  <testcase name="testPositiveScalene" time="0.0" classname="tests.ExecutorTest"/>
</testsuite> <!-- Default test -->
