<?xml version="1.0" encoding="UTF-8"?>
<testng-results skipped="0" failed="0" total="5" passed="5">
  <reporter-output>
  </reporter-output>
  <suite name="Default suite" duration-ms="47" started-at="2015-09-28T09:37:06Z" finished-at="2015-09-28T09:37:06Z">
    <groups>
    </groups>
    <test name="Default test" duration-ms="47" started-at="2015-09-28T09:37:06Z" finished-at="2015-09-28T09:37:06Z">
      <class name="tests.ExecutorTest">
        <test-method status="PASS" signature="testNegativeInputNotNumber()[pri:0, instance:tests.ExecutorTest@4be525ab]" name="testNegativeInputNotNumber" duration-ms="16" started-at="2015-09-28T11:37:06Z" finished-at="2015-09-28T11:37:06Z">
          <reporter-output>
          </reporter-output>
        </test-method> <!-- testNegativeInputNotNumber -->
        <test-method status="PASS" signature="testNegativeWrongNumberOfInputs()[pri:0, instance:tests.ExecutorTest@4be525ab]" name="testNegativeWrongNumberOfInputs" duration-ms="0" started-at="2015-09-28T11:37:06Z" finished-at="2015-09-28T11:37:06Z">
          <reporter-output>
          </reporter-output>
        </test-method> <!-- testNegativeWrongNumberOfInputs -->
        <test-method status="PASS" signature="testPositiveEquilateral()[pri:0, instance:tests.ExecutorTest@4be525ab]" name="testPositiveEquilateral" duration-ms="0" started-at="2015-09-28T11:37:06Z" finished-at="2015-09-28T11:37:06Z">
          <reporter-output>
          </reporter-output>
        </test-method> <!-- testPositiveEquilateral -->
        <test-method status="PASS" signature="testPositiveIsosceles()[pri:0, instance:tests.ExecutorTest@4be525ab]" name="testPositiveIsosceles" duration-ms="15" started-at="2015-09-28T11:37:06Z" finished-at="2015-09-28T11:37:06Z">
          <reporter-output>
          </reporter-output>
        </test-method> <!-- testPositiveIsosceles -->
        <test-method status="PASS" signature="testPositiveScalene()[pri:0, instance:tests.ExecutorTest@4be525ab]" name="testPositiveScalene" duration-ms="0" started-at="2015-09-28T11:37:06Z" finished-at="2015-09-28T11:37:06Z">
          <reporter-output>
          </reporter-output>
        </test-method> <!-- testPositiveScalene -->
      </class> <!-- tests.ExecutorTest -->
    </test> <!-- Default test -->
  </suite> <!-- Default suite -->
</testng-results>
